<?xml version="1.0" encoding="UTF-8"?>
<!-- Generated by org.testng.reporters.JUnitReportReporter -->
<testsuite hostname="LAPTOP-22RTROP7" failures="0" tests="1" name="Test.testOne" time="56.688" errors="0" timestamp="2022-09-29T22:25:02 IST" skipped="0">
  <testcase classname="Test.testOne" name="compareDetails" time="56.688"/>
  <system-out/>
</testsuite> <!-- Test.testOne -->
